<?xml version="1.0" encoding="UTF-8"?>
<!-- Generated by org.testng.reporters.JUnitXMLReporter -->
<testsuite ignored="0" hostname="LTIN592011" failures="0" tests="4" name="Test" time="75.429" errors="0" timestamp="2025-06-06T17:12:31 IST">
  <testcase classname="com.royalcaribbean.tests.TestRoyalCaribbeanWebPage" name="testBookNow" time="20.094"/>
  <testcase classname="com.royalcaribbean.tests.TestRoyalCaribbeanWebPage" name="testTextResultPage" time="8.769"/>
  <testcase classname="com.royalcaribbean.tests.TestRoyalCaribbeanWebPage" name="testClickBookNow" time="4.474"/>
  <testcase classname="com.royalcaribbean.tests.TestRoyalCaribbeanWebPage" name="testResultPage" time="13.426"/>
</testsuite> <!-- Test -->
