<?xml version="1.0" encoding="UTF-8"?>
<testng-results ignored="0" total="4" passed="4" failed="0" skipped="0">
  <reporter-output>
  </reporter-output>
  <suite started-at="2025-06-06T17:11:15 IST" name="Suite" finished-at="2025-06-06T17:12:31 IST" duration-ms="75429">
    <groups>
    </groups>
    <test started-at="2025-06-06T17:11:15 IST" name="Test" finished-at="2025-06-06T17:12:31 IST" duration-ms="75429">
      <class name="com.royalcaribbean.tests.TestRoyalCaribbeanWebPage">
        <test-method is-config="true" signature="setup(java.lang.String)[pri:0, instance:com.royalcaribbean.tests.TestRoyalCaribbeanWebPage@708f5957]" started-at="2025-06-06T17:11:15 IST" name="setup" finished-at="2025-06-06T17:11:34 IST" duration-ms="18639" status="PASS">
          <params>
            <param index="0">
              <value>
                <![CDATA[edge]]>
              </value>
            </param>
          </params>
          <reporter-output>
          </reporter-output>
        </test-method> <!-- setup -->
        <test-method signature="testBookNow()[pri:1, instance:com.royalcaribbean.tests.TestRoyalCaribbeanWebPage@708f5957]" started-at="2025-06-06T17:11:34 IST" name="testBookNow" finished-at="2025-06-06T17:11:54 IST" duration-ms="20094" status="PASS">
          <reporter-output>
          </reporter-output>
        </test-method> <!-- testBookNow -->
        <test-method signature="testTextResultPage()[pri:2, instance:com.royalcaribbean.tests.TestRoyalCaribbeanWebPage@708f5957]" started-at="2025-06-06T17:11:54 IST" name="testTextResultPage" finished-at="2025-06-06T17:12:03 IST" duration-ms="8769" status="PASS">
          <reporter-output>
          </reporter-output>
        </test-method> <!-- testTextResultPage -->
        <test-method signature="testClickBookNow()[pri:3, instance:com.royalcaribbean.tests.TestRoyalCaribbeanWebPage@708f5957]" started-at="2025-06-06T17:12:03 IST" name="testClickBookNow" finished-at="2025-06-06T17:12:07 IST" duration-ms="4474" status="PASS">
          <reporter-output>
          </reporter-output>
        </test-method> <!-- testClickBookNow -->
        <test-method signature="testResultPage()[pri:4, instance:com.royalcaribbean.tests.TestRoyalCaribbeanWebPage@708f5957]" started-at="2025-06-06T17:12:07 IST" name="testResultPage" finished-at="2025-06-06T17:12:21 IST" duration-ms="13426" status="PASS">
          <reporter-output>
          </reporter-output>
        </test-method> <!-- testResultPage -->
        <test-method is-config="true" signature="tearDown()[pri:0, instance:com.royalcaribbean.tests.TestRoyalCaribbeanWebPage@708f5957]" started-at="2025-06-06T17:12:21 IST" name="tearDown" finished-at="2025-06-06T17:12:31 IST" duration-ms="9951" status="PASS">
          <reporter-output>
          </reporter-output>
        </test-method> <!-- tearDown -->
      </class> <!-- com.royalcaribbean.tests.TestRoyalCaribbeanWebPage -->
    </test> <!-- Test -->
  </suite> <!-- Suite -->
</testng-results>
